2025-03-10 20:15:03.767 [info] [main] Log level: Info
2025-03-10 20:15:03.767 [info] [main] Validating found git in: "C:\Program Files\Git\cmd\git.exe"
2025-03-10 20:15:03.811 [info] [main] Using git "2.48.1.windows.1" from "C:\Program Files\Git\cmd\git.exe"
2025-03-10 20:15:03.811 [info] [Model][doInitialScan] Initial repository scan started
2025-03-10 20:15:03.880 [info] > git rev-parse --show-toplevel [54ms]
2025-03-10 20:15:04.053 [info] > git rev-parse --git-dir --git-common-dir [60ms]
2025-03-10 20:15:04.078 [info] [Model][openRepository] Opened repository: c:\Users\amans\OneDrive\Desktop\webD
2025-03-10 20:15:04.217 [info] > git rev-parse --show-toplevel [117ms]
2025-03-10 20:15:04.221 [info] [Model][doInitialScan] Initial repository scan completed - repositories (1), closed repositories (0), parent repositories (0), unsafe repositories (0)
2025-03-10 20:15:04.910 [info] > git config --get commit.template [816ms]
2025-03-10 20:15:04.994 [info] > git show --textconv f76600125ae7dcc58e0bc0c1e7769139f54a3d57:.vscode/navigation.html [762ms]
2025-03-10 20:15:04.994 [info] > git show --textconv f76600125ae7dcc58e0bc0c1e7769139f54a3d57:LOC.CSS [754ms]
2025-03-10 20:15:04.994 [info] > git show --textconv f76600125ae7dcc58e0bc0c1e7769139f54a3d57:Mathura-Vrindavan-.jpg [745ms]
2025-03-10 20:15:04.995 [info] > git show --textconv f76600125ae7dcc58e0bc0c1e7769139f54a3d57:Tour.html [723ms]
2025-03-10 20:15:04.995 [info] > git show --textconv f76600125ae7dcc58e0bc0c1e7769139f54a3d57:RELIG.HTML [733ms]
2025-03-10 20:15:04.996 [info] > git show --textconv f76600125ae7dcc58e0bc0c1e7769139f54a3d57:Untitled-1.html [714ms]
2025-03-10 20:15:04.996 [info] > git show --textconv f76600125ae7dcc58e0bc0c1e7769139f54a3d57:archei.css [703ms]
2025-03-10 20:15:04.997 [info] > git show --textconv 7bc72ed93312829392ff48e0026c02161155a58a:index.html [647ms]
2025-03-10 20:15:04.997 [info] > git show --textconv f76600125ae7dcc58e0bc0c1e7769139f54a3d57:index.html [635ms]
2025-03-10 20:15:04.998 [info] > git show --textconv f76600125ae7dcc58e0bc0c1e7769139f54a3d57:archei.html [685ms]
2025-03-10 20:15:04.998 [info] > git show --textconv f76600125ae7dcc58e0bc0c1e7769139f54a3d57:loc.html [618ms]
2025-03-10 20:15:04.998 [info] > git show --textconv f76600125ae7dcc58e0bc0c1e7769139f54a3d57:radha.jpg [582ms]
2025-03-10 20:15:04.998 [info] > git show --textconv f76600125ae7dcc58e0bc0c1e7769139f54a3d57:religion.css [564ms]
2025-03-10 20:15:05.000 [info] > git ls-tree -l f76600125ae7dcc58e0bc0c1e7769139f54a3d57 -- .vscode/navigation.html [500ms]
2025-03-10 20:15:05.012 [info] > git for-each-ref --format=%(refname)%00%(upstream:short)%00%(objectname)%00%(upstream:track)%00%(upstream:remotename)%00%(upstream:remoteref) --ignore-case refs/heads/main refs/remotes/main [893ms]
2025-03-10 20:15:05.015 [info] > git show --textconv f76600125ae7dcc58e0bc0c1e7769139f54a3d57:tour.css [537ms]
2025-03-10 20:15:05.018 [info] > git ls-tree -l f76600125ae7dcc58e0bc0c1e7769139f54a3d57 -- loc.html [302ms]
2025-03-10 20:15:05.019 [info] > git ls-tree -l 7bc72ed93312829392ff48e0026c02161155a58a -- index.html [354ms]
2025-03-10 20:15:05.019 [info] > git ls-tree -l f76600125ae7dcc58e0bc0c1e7769139f54a3d57 -- index.html [339ms]
2025-03-10 20:15:05.020 [info] > git ls-tree -l f76600125ae7dcc58e0bc0c1e7769139f54a3d57 -- image2.jpg [375ms]
2025-03-10 20:15:05.021 [info] > git ls-tree -l f76600125ae7dcc58e0bc0c1e7769139f54a3d57 -- archei.html [396ms]
2025-03-10 20:15:05.022 [info] > git ls-tree -l f76600125ae7dcc58e0bc0c1e7769139f54a3d57 -- archei.css [412ms]
2025-03-10 20:15:05.022 [info] > git ls-tree -l f76600125ae7dcc58e0bc0c1e7769139f54a3d57 -- Untitled-1.html [436ms]
2025-03-10 20:15:05.023 [info] > git ls-tree -l f76600125ae7dcc58e0bc0c1e7769139f54a3d57 -- Tour.html [451ms]
2025-03-10 20:15:05.028 [info] > git ls-tree -l f76600125ae7dcc58e0bc0c1e7769139f54a3d57 -- RELIG.HTML [470ms]
2025-03-10 20:15:05.029 [info] > git ls-tree -l f76600125ae7dcc58e0bc0c1e7769139f54a3d57 -- Mathura-Vrindavan-.jpg [488ms]
2025-03-10 20:15:05.032 [info] > git ls-tree -l f76600125ae7dcc58e0bc0c1e7769139f54a3d57 -- LOC.CSS [510ms]
2025-03-10 20:15:05.049 [info] > git ls-tree -l f76600125ae7dcc58e0bc0c1e7769139f54a3d57 -- mor.jpg [296ms]
2025-03-10 20:15:05.050 [info] > git ls-tree -l f76600125ae7dcc58e0bc0c1e7769139f54a3d57 -- radha.jpg [257ms]
2025-03-10 20:15:05.099 [info] > git show --textconv f76600125ae7dcc58e0bc0c1e7769139f54a3d57:mor.jpg [700ms]
2025-03-10 20:15:05.099 [info] > git show --textconv f76600125ae7dcc58e0bc0c1e7769139f54a3d57:titali.jpg [644ms]
2025-03-10 20:15:05.100 [info] > git ls-tree -l f76600125ae7dcc58e0bc0c1e7769139f54a3d57 -- religion.css [268ms]
2025-03-10 20:15:05.119 [info] > git show --textconv f76600125ae7dcc58e0bc0c1e7769139f54a3d57:image2.jpg [789ms]
2025-03-10 20:15:05.125 [info] > git ls-tree -l f76600125ae7dcc58e0bc0c1e7769139f54a3d57 -- titali.jpg [249ms]
2025-03-10 20:15:05.390 [info] > git status -z -uall [324ms]
2025-03-10 20:15:05.392 [info] > git for-each-ref --sort -committerdate --format %(refname) %(objectname) %(*objectname) [297ms]
2025-03-10 20:15:05.422 [info] > git ls-tree -l f76600125ae7dcc58e0bc0c1e7769139f54a3d57 -- tour.css [514ms]
2025-03-10 20:15:05.502 [info] > git check-ignore -v -z --stdin [553ms]
2025-03-10 20:15:05.561 [info] > git for-each-ref --format=%(refname)%00%(upstream:short)%00%(objectname)%00%(upstream:track)%00%(upstream:remotename)%00%(upstream:remoteref) --ignore-case refs/heads/main refs/remotes/main [143ms]
2025-03-10 20:15:05.614 [info] > git config --get commit.template [104ms]
2025-03-10 20:15:05.671 [info] > git config --get --local branch.main.vscode-merge-base [97ms]
2025-03-10 20:15:05.692 [info] > git fetch [1614ms]
2025-03-10 20:15:05.703 [info] > git for-each-ref --format=%(refname)%00%(upstream:short)%00%(objectname)%00%(upstream:track)%00%(upstream:remotename)%00%(upstream:remoteref) --ignore-case refs/heads/main refs/remotes/main [105ms]
2025-03-10 20:15:05.826 [info] > git for-each-ref --format=%(refname)%00%(upstream:short)%00%(objectname)%00%(upstream:track)%00%(upstream:remotename)%00%(upstream:remoteref) --ignore-case refs/heads/origin/main refs/remotes/origin/main [147ms]
2025-03-10 20:15:05.834 [info] > git config --get commit.template [132ms]
2025-03-10 20:15:05.861 [info] > git for-each-ref --format=%(refname)%00%(upstream:short)%00%(objectname)%00%(upstream:track)%00%(upstream:remotename)%00%(upstream:remoteref) --ignore-case refs/heads/main refs/remotes/main [139ms]
2025-03-10 20:15:05.872 [info] > git for-each-ref --format=%(refname)%00%(upstream:short)%00%(objectname)%00%(upstream:track)%00%(upstream:remotename)%00%(upstream:remoteref) --ignore-case refs/heads/main refs/remotes/main [161ms]
2025-03-10 20:15:06.014 [info] > git merge-base refs/heads/main refs/remotes/origin/main [180ms]
2025-03-10 20:15:06.063 [info] > git config --get --local branch.main.vscode-merge-base [194ms]
2025-03-10 20:15:06.069 [info] > git for-each-ref --sort -committerdate --format %(refname) %(objectname) %(*objectname) [136ms]
2025-03-10 20:15:06.084 [info] > git status -z -uall [200ms]
2025-03-10 20:15:06.138 [info] > git diff --name-status -z --diff-filter=ADMR f76600125ae7dcc58e0bc0c1e7769139f54a3d57...refs/remotes/origin/main [103ms]
2025-03-10 20:15:06.149 [info] > git for-each-ref --format=%(refname)%00%(upstream:short)%00%(objectname)%00%(upstream:track)%00%(upstream:remotename)%00%(upstream:remoteref) --ignore-case refs/heads/origin/main refs/remotes/origin/main [81ms]
2025-03-10 20:15:06.176 [info] > git merge-base refs/heads/main refs/remotes/origin/main [83ms]
2025-03-10 20:15:06.260 [info] > git diff --name-status -z --diff-filter=ADMR f76600125ae7dcc58e0bc0c1e7769139f54a3d57...refs/remotes/origin/main [75ms]
2025-03-10 20:15:07.043 [info] > git ls-tree -l f76600125ae7dcc58e0bc0c1e7769139f54a3d57 -- .vscode/navigation.html [164ms]
2025-03-10 20:15:07.067 [info] > git ls-tree -l f76600125ae7dcc58e0bc0c1e7769139f54a3d57 -- RELIG.HTML [165ms]
2025-03-10 20:15:07.067 [info] > git ls-tree -l f76600125ae7dcc58e0bc0c1e7769139f54a3d57 -- LOC.CSS [179ms]
2025-03-10 20:15:07.099 [info] > git ls-tree -l f76600125ae7dcc58e0bc0c1e7769139f54a3d57 -- Tour.html [189ms]
2025-03-10 20:15:07.100 [info] > git ls-tree -l f76600125ae7dcc58e0bc0c1e7769139f54a3d57 -- Untitled-1.html [183ms]
2025-03-10 20:15:07.117 [info] > git ls-tree -l f76600125ae7dcc58e0bc0c1e7769139f54a3d57 -- archei.html [179ms]
2025-03-10 20:15:07.118 [info] > git ls-tree -l f76600125ae7dcc58e0bc0c1e7769139f54a3d57 -- archei.css [189ms]
2025-03-10 20:15:07.165 [info] > git ls-tree -l f76600125ae7dcc58e0bc0c1e7769139f54a3d57 -- loc.html [192ms]
2025-03-10 20:15:07.166 [info] > git ls-tree -l f76600125ae7dcc58e0bc0c1e7769139f54a3d57 -- index.html [209ms]
2025-03-10 20:15:07.166 [info] > git ls-tree -l 7bc72ed93312829392ff48e0026c02161155a58a -- index.html [220ms]
2025-03-10 20:15:07.194 [info] > git show --textconv f76600125ae7dcc58e0bc0c1e7769139f54a3d57:.vscode/navigation.html [128ms]
2025-03-10 20:15:07.195 [info] > git ls-tree -l f76600125ae7dcc58e0bc0c1e7769139f54a3d57 -- tour.css [186ms]
2025-03-10 20:15:07.197 [info] > git ls-tree -l f76600125ae7dcc58e0bc0c1e7769139f54a3d57 -- religion.css [206ms]
2025-03-10 20:15:07.287 [info] > git show --textconv f76600125ae7dcc58e0bc0c1e7769139f54a3d57:RELIG.HTML [189ms]
2025-03-10 20:15:07.293 [info] > git show --textconv f76600125ae7dcc58e0bc0c1e7769139f54a3d57:Tour.html [162ms]
2025-03-10 20:15:07.327 [info] > git show --textconv f76600125ae7dcc58e0bc0c1e7769139f54a3d57:LOC.CSS [212ms]
2025-03-10 20:15:07.342 [info] > git show --textconv f76600125ae7dcc58e0bc0c1e7769139f54a3d57:Untitled-1.html [202ms]
2025-03-10 20:15:07.344 [info] > git show --textconv f76600125ae7dcc58e0bc0c1e7769139f54a3d57:archei.html [180ms]
2025-03-10 20:15:07.375 [info] > git show --textconv f76600125ae7dcc58e0bc0c1e7769139f54a3d57:archei.css [190ms]
2025-03-10 20:15:07.388 [info] > git show --textconv f76600125ae7dcc58e0bc0c1e7769139f54a3d57:loc.html [177ms]
2025-03-10 20:15:07.394 [info] > git show --textconv f76600125ae7dcc58e0bc0c1e7769139f54a3d57:index.html [172ms]
2025-03-10 20:15:07.435 [info] > git show --textconv 7bc72ed93312829392ff48e0026c02161155a58a:index.html [203ms]
2025-03-10 20:15:07.436 [info] > git show --textconv f76600125ae7dcc58e0bc0c1e7769139f54a3d57:religion.css [150ms]
2025-03-10 20:15:07.440 [info] > git show --textconv f76600125ae7dcc58e0bc0c1e7769139f54a3d57:tour.css [176ms]
2025-03-10 20:15:07.954 [info] > git config --get commit.template [83ms]
2025-03-10 20:15:07.961 [info] > git for-each-ref --format=%(refname)%00%(upstream:short)%00%(objectname)%00%(upstream:track)%00%(upstream:remotename)%00%(upstream:remoteref) --ignore-case refs/heads/main refs/remotes/main [81ms]
2025-03-10 20:15:08.022 [info] > git status -z -uall [54ms]
2025-03-10 20:15:08.024 [info] > git for-each-ref --sort -committerdate --format %(refname) %(objectname) %(*objectname) [50ms]
2025-03-10 20:15:09.494 [info] > git show --textconv :Tour.html [149ms]
2025-03-10 20:15:09.496 [info] > git ls-files --stage -- Tour.html [140ms]
2025-03-10 20:15:09.541 [info] > git ls-tree -l f76600125ae7dcc58e0bc0c1e7769139f54a3d57 -- .vscode/navigation.html [135ms]
2025-03-10 20:15:09.571 [info] > git ls-tree -l f76600125ae7dcc58e0bc0c1e7769139f54a3d57 -- Tour.html [142ms]
2025-03-10 20:15:09.572 [info] > git ls-tree -l f76600125ae7dcc58e0bc0c1e7769139f54a3d57 -- LOC.CSS [157ms]
2025-03-10 20:15:09.590 [info] > git ls-tree -l f76600125ae7dcc58e0bc0c1e7769139f54a3d57 -- archei.css [148ms]
2025-03-10 20:15:09.591 [info] > git ls-tree -l f76600125ae7dcc58e0bc0c1e7769139f54a3d57 -- Untitled-1.html [155ms]
2025-03-10 20:15:09.593 [info] > git ls-tree -l f76600125ae7dcc58e0bc0c1e7769139f54a3d57 -- RELIG.HTML [171ms]
2025-03-10 20:15:09.635 [info] > git ls-tree -l f76600125ae7dcc58e0bc0c1e7769139f54a3d57 -- index.html [169ms]
2025-03-10 20:15:09.636 [info] > git ls-tree -l 7bc72ed93312829392ff48e0026c02161155a58a -- index.html [179ms]
2025-03-10 20:15:09.636 [info] > git ls-tree -l f76600125ae7dcc58e0bc0c1e7769139f54a3d57 -- archei.html [186ms]
2025-03-10 20:15:09.658 [info] > git ls-tree -l f76600125ae7dcc58e0bc0c1e7769139f54a3d57 -- religion.css [172ms]
2025-03-10 20:15:09.659 [info] > git ls-tree -l f76600125ae7dcc58e0bc0c1e7769139f54a3d57 -- tour.css [165ms]
2025-03-10 20:15:09.709 [info] > git ls-tree -l f76600125ae7dcc58e0bc0c1e7769139f54a3d57 -- loc.html [231ms]
2025-03-10 20:15:09.710 [info] > git show --textconv f76600125ae7dcc58e0bc0c1e7769139f54a3d57:.vscode/navigation.html [140ms]
2025-03-10 20:15:09.711 [info] > git cat-file -s ba3016c8b30658c506564356da7a645343fa794a [195ms]
2025-03-10 20:15:09.750 [info] > git show --textconv f76600125ae7dcc58e0bc0c1e7769139f54a3d57:Tour.html [162ms]
2025-03-10 20:15:09.776 [info] > git show --textconv f76600125ae7dcc58e0bc0c1e7769139f54a3d57:LOC.CSS [163ms]
2025-03-10 20:15:09.785 [info] > git show --textconv f76600125ae7dcc58e0bc0c1e7769139f54a3d57:Untitled-1.html [150ms]
2025-03-10 20:15:09.785 [info] > git show --textconv f76600125ae7dcc58e0bc0c1e7769139f54a3d57:archei.css [161ms]
2025-03-10 20:15:09.811 [info] > git show --textconv f76600125ae7dcc58e0bc0c1e7769139f54a3d57:RELIG.HTML [155ms]
2025-03-10 20:15:09.827 [info] > git show --textconv f76600125ae7dcc58e0bc0c1e7769139f54a3d57:index.html [155ms]
2025-03-10 20:15:09.835 [info] > git show --textconv f76600125ae7dcc58e0bc0c1e7769139f54a3d57:archei.html [139ms]
2025-03-10 20:15:09.836 [info] > git show --textconv 7bc72ed93312829392ff48e0026c02161155a58a:index.html [150ms]
2025-03-10 20:15:09.845 [info] > git show --textconv f76600125ae7dcc58e0bc0c1e7769139f54a3d57:religion.css [136ms]
2025-03-10 20:15:09.876 [info] > git show --textconv f76600125ae7dcc58e0bc0c1e7769139f54a3d57:loc.html [127ms]
2025-03-10 20:15:09.885 [info] > git ls-files --stage -- Tour.html [112ms]
2025-03-10 20:15:09.890 [info] > git show --textconv f76600125ae7dcc58e0bc0c1e7769139f54a3d57:tour.css [165ms]
2025-03-10 20:15:09.904 [info] > git blame --root --incremental f76600125ae7dcc58e0bc0c1e7769139f54a3d57 -- Tour.html [95ms]
2025-03-10 20:15:09.946 [info] > git cat-file -s ba3016c8b30658c506564356da7a645343fa794a [56ms]
2025-03-10 20:15:10.821 [info] > git ls-tree -l f76600125ae7dcc58e0bc0c1e7769139f54a3d57 -- LOC.CSS [132ms]
2025-03-10 20:15:10.860 [info] > git ls-tree -l f76600125ae7dcc58e0bc0c1e7769139f54a3d57 -- RELIG.HTML [160ms]
2025-03-10 20:15:10.861 [info] > git ls-tree -l f76600125ae7dcc58e0bc0c1e7769139f54a3d57 -- .vscode/navigation.html [183ms]
2025-03-10 20:15:10.886 [info] > git ls-tree -l f76600125ae7dcc58e0bc0c1e7769139f54a3d57 -- Untitled-1.html [163ms]
2025-03-10 20:15:10.917 [info] > git ls-tree -l f76600125ae7dcc58e0bc0c1e7769139f54a3d57 -- Tour.html [202ms]
2025-03-10 20:15:10.946 [info] > git ls-tree -l 7bc72ed93312829392ff48e0026c02161155a58a -- index.html [198ms]
2025-03-10 20:15:10.947 [info] > git ls-tree -l f76600125ae7dcc58e0bc0c1e7769139f54a3d57 -- archei.html [206ms]
2025-03-10 20:15:10.949 [info] > git ls-tree -l f76600125ae7dcc58e0bc0c1e7769139f54a3d57 -- archei.css [217ms]
2025-03-10 20:15:10.987 [info] > git ls-tree -l f76600125ae7dcc58e0bc0c1e7769139f54a3d57 -- tour.css [192ms]
2025-03-10 20:15:10.987 [info] > git ls-tree -l f76600125ae7dcc58e0bc0c1e7769139f54a3d57 -- religion.css [205ms]
2025-03-10 20:15:10.988 [info] > git ls-tree -l f76600125ae7dcc58e0bc0c1e7769139f54a3d57 -- index.html [231ms]
2025-03-10 20:15:10.988 [info] > git ls-tree -l f76600125ae7dcc58e0bc0c1e7769139f54a3d57 -- loc.html [216ms]
2025-03-10 20:15:11.020 [info] > git ls-files --stage -- Tour.html [212ms]
2025-03-10 20:15:11.090 [info] > git show --textconv f76600125ae7dcc58e0bc0c1e7769139f54a3d57:RELIG.HTML [204ms]
2025-03-10 20:15:11.090 [info] > git show --textconv f76600125ae7dcc58e0bc0c1e7769139f54a3d57:LOC.CSS [231ms]
2025-03-10 20:15:11.091 [info] > git show --textconv f76600125ae7dcc58e0bc0c1e7769139f54a3d57:.vscode/navigation.html [178ms]
2025-03-10 20:15:11.091 [info] > git show --textconv f76600125ae7dcc58e0bc0c1e7769139f54a3d57:Untitled-1.html [146ms]
2025-03-10 20:15:11.161 [info] > git show --textconv f76600125ae7dcc58e0bc0c1e7769139f54a3d57:Tour.html [194ms]
2025-03-10 20:15:11.164 [info] > git show --textconv f76600125ae7dcc58e0bc0c1e7769139f54a3d57:archei.html [158ms]
2025-03-10 20:15:11.173 [info] > git show --textconv 7bc72ed93312829392ff48e0026c02161155a58a:index.html [186ms]
2025-03-10 20:15:11.207 [info] > git cat-file -s ba3016c8b30658c506564356da7a645343fa794a [178ms]
2025-03-10 20:15:11.207 [info] > git show --textconv f76600125ae7dcc58e0bc0c1e7769139f54a3d57:archei.css [188ms]
2025-03-10 20:15:11.217 [info] > git show --textconv f76600125ae7dcc58e0bc0c1e7769139f54a3d57:tour.css [173ms]
2025-03-10 20:15:11.238 [info] > git show --textconv f76600125ae7dcc58e0bc0c1e7769139f54a3d57:religion.css [181ms]
2025-03-10 20:15:11.247 [info] > git show --textconv f76600125ae7dcc58e0bc0c1e7769139f54a3d57:index.html [175ms]
2025-03-10 20:15:11.254 [info] > git show --textconv f76600125ae7dcc58e0bc0c1e7769139f54a3d57:loc.html [166ms]
2025-03-10 20:15:11.308 [info] > git show --textconv :Tour.html [91ms]
2025-03-10 20:15:13.106 [info] > git config --get commit.template [56ms]
2025-03-10 20:15:13.110 [info] > git for-each-ref --format=%(refname)%00%(upstream:short)%00%(objectname)%00%(upstream:track)%00%(upstream:remotename)%00%(upstream:remoteref) --ignore-case refs/heads/main refs/remotes/main [56ms]
2025-03-10 20:15:13.170 [info] > git status -z -uall [53ms]
2025-03-10 20:15:13.176 [info] > git for-each-ref --sort -committerdate --format %(refname) %(objectname) %(*objectname) [51ms]
